오후 8:49:07  [main] 	Initializing Control Panel
오후 8:49:07  [main] 	Windows Version:  Home  64-bit
오후 8:49:07  [main] 	XAMPP Version: 8.2.4
오후 8:49:07  [main] 	Control Panel Version: 3.3.0  [ Compiled: Apr 6th 2021 ]
오후 8:49:07  [main] 	Running with Administrator rights - good!
오후 8:49:07  [main] 	XAMPP Installation Directory: "c:\xampp\"
오후 8:49:07  [main] 	Checking for prerequisites
오후 8:49:08  [main] 	All prerequisites found
오후 8:49:08  [main] 	Initializing Modules
오후 8:49:08  [mysql] 	MySQL Service detected with wrong path
오후 8:49:08  [mysql] 	Change XAMPP MySQL and Control Panel settings or
오후 8:49:08  [mysql] 	Uninstall/disable the other service manually first
오후 8:49:08  [mysql] 	Found Path: "C:\Program Files\MySQL\MySQL Server 8.0\bin\mysqld.exe" --defaults-file="C:\ProgramData\MySQL\MySQL Server 8.0\my.ini" MySQL
오후 8:49:08  [mysql] 	Expected Path: c:\xampp\mysql\bin\mysqld.exe --defaults-file=c:\xampp\mysql\bin\my.ini mysql
오후 8:49:08  [mysql] 	Problem detected!
오후 8:49:08  [mysql] 	Port 3306 in use by "Unable to open process"!
오후 8:49:08  [mysql] 	MySQL WILL NOT start without the configured ports free!
오후 8:49:08  [mysql] 	You need to uninstall/disable/reconfigure the blocking application
오후 8:49:08  [mysql] 	or reconfigure MySQL and the Control Panel to listen on a different port
오후 8:49:08  [main] 	The FileZilla module is disabled
오후 8:49:08  [main] 	The Mercury module is disabled
오후 8:49:08  [main] 	The Tomcat module is disabled
오후 8:49:08  [main] 	Starting Check-Timer
오후 8:49:08  [main] 	Control Panel Ready
오후 8:49:12  [Apache] 	Installing service...
오후 8:49:15  [Apache] 	Successful!
오후 8:49:17  [Apache] 	Attempting to start Apache service...
오후 8:49:19  [Apache] 	Status change detected: running
오전 1:30:42  [main] 	Deinitializing Modules
오전 1:30:42  [main] 	Deinitializing Control Panel

오후 3:01:34  [main] 	Initializing Control Panel
오후 3:01:34  [main] 	Windows Version:  Home  64-bit
오후 3:01:34  [main] 	XAMPP Version: 8.2.4
오후 3:01:34  [main] 	Control Panel Version: 3.3.0  [ Compiled: Apr 6th 2021 ]
오후 3:01:34  [main] 	Running with Administrator rights - good!
오후 3:01:34  [main] 	XAMPP Installation Directory: "c:\xampp\"
오후 3:01:34  [main] 	Checking for prerequisites
오후 3:01:34  [main] 	All prerequisites found
오후 3:01:34  [main] 	Initializing Modules
오후 3:01:34  [Apache] 	XAMPP Apache Service is already running on port 80
오후 3:01:34  [Apache] 	XAMPP Apache Service is already running on port 443
오후 3:01:34  [mysql] 	MySQL Service detected with wrong path
오후 3:01:34  [mysql] 	Change XAMPP MySQL and Control Panel settings or
오후 3:01:34  [mysql] 	Uninstall/disable the other service manually first
오후 3:01:34  [mysql] 	Found Path: "C:\Program Files\MySQL\MySQL Server 8.0\bin\mysqld.exe" --defaults-file="C:\ProgramData\MySQL\MySQL Server 8.0\my.ini" MySQL
오후 3:01:34  [mysql] 	Expected Path: c:\xampp\mysql\bin\mysqld.exe --defaults-file=c:\xampp\mysql\bin\my.ini mysql
오후 3:01:34  [mysql] 	Problem detected!
오후 3:01:34  [mysql] 	Port 3306 in use by "Unable to open process"!
오후 3:01:34  [mysql] 	MySQL WILL NOT start without the configured ports free!
오후 3:01:34  [mysql] 	You need to uninstall/disable/reconfigure the blocking application
오후 3:01:34  [mysql] 	or reconfigure MySQL and the Control Panel to listen on a different port
오후 3:01:34  [main] 	The FileZilla module is disabled
오후 3:01:34  [main] 	The Mercury module is disabled
오후 3:01:34  [main] 	The Tomcat module is disabled
오후 3:01:34  [main] 	Starting Check-Timer
오후 3:01:34  [main] 	Control Panel Ready
오후 4:14:22  [main] 	Deinitializing Modules
오후 4:14:22  [main] 	Deinitializing Control Panel

오후 3:19:13  [main] 	Initializing Control Panel
오후 3:19:13  [main] 	Windows Version:  Home  64-bit
오후 3:19:13  [main] 	XAMPP Version: 8.2.4
오후 3:19:13  [main] 	Control Panel Version: 3.3.0  [ Compiled: Apr 6th 2021 ]
오후 3:19:13  [main] 	You are not running with administrator rights! This will work for
오후 3:19:13  [main] 	most application stuff but whenever you do something with services
오후 3:19:13  [main] 	there will be a security dialogue or things will break! So think 
오후 3:19:13  [main] 	about running this application with administrator rights!
오후 3:19:13  [main] 	XAMPP Installation Directory: "c:\xampp\"
오후 3:19:13  [main] 	Checking for prerequisites
오후 3:19:15  [main] 	All prerequisites found
오후 3:19:15  [main] 	Initializing Modules
오후 3:19:15  [Apache] 	XAMPP Apache Service is already running on port 80
오후 3:19:15  [Apache] 	XAMPP Apache Service is already running on port 443
오후 3:19:15  [mysql] 	MySQL Service detected with wrong path
오후 3:19:15  [mysql] 	Change XAMPP MySQL and Control Panel settings or
오후 3:19:15  [mysql] 	Uninstall/disable the other service manually first
오후 3:19:15  [mysql] 	Found Path: "C:\Program Files\MySQL\MySQL Server 8.0\bin\mysqld.exe" --defaults-file="C:\ProgramData\MySQL\MySQL Server 8.0\my.ini" MySQL
오후 3:19:15  [mysql] 	Expected Path: c:\xampp\mysql\bin\mysqld.exe --defaults-file=c:\xampp\mysql\bin\my.ini mysql
오후 3:19:15  [mysql] 	Problem detected!
오후 3:19:15  [mysql] 	Port 3306 in use by "Unable to open process"!
오후 3:19:15  [mysql] 	MySQL WILL NOT start without the configured ports free!
오후 3:19:15  [mysql] 	You need to uninstall/disable/reconfigure the blocking application
오후 3:19:15  [mysql] 	or reconfigure MySQL and the Control Panel to listen on a different port
오후 3:19:15  [main] 	The FileZilla module is disabled
오후 3:19:15  [main] 	The Mercury module is disabled
오후 3:19:15  [main] 	The Tomcat module is disabled
오후 3:19:15  [main] 	Starting Check-Timer
오후 3:19:15  [main] 	Control Panel Ready
오후 5:55:51  [main] 	Deinitializing Modules
오후 5:55:51  [main] 	Deinitializing Control Panel

오전 3:27:58  [main] 	Initializing Control Panel
오전 3:27:58  [main] 	Windows Version:  Home  64-bit
오전 3:27:58  [main] 	XAMPP Version: 8.2.4
오전 3:27:58  [main] 	Control Panel Version: 3.3.0  [ Compiled: Apr 6th 2021 ]
오전 3:27:58  [main] 	Running with Administrator rights - good!
오전 3:27:58  [main] 	XAMPP Installation Directory: "c:\xampp\"
오전 3:27:58  [main] 	Checking for prerequisites
오전 3:27:58  [main] 	All prerequisites found
오전 3:27:58  [main] 	Initializing Modules
오전 3:27:58  [Apache] 	XAMPP Apache Service is already running on port 80
오전 3:27:58  [Apache] 	XAMPP Apache Service is already running on port 443
오전 3:27:58  [mysql] 	MySQL Service detected with wrong path
오전 3:27:58  [mysql] 	Change XAMPP MySQL and Control Panel settings or
오전 3:27:58  [mysql] 	Uninstall/disable the other service manually first
오전 3:27:58  [mysql] 	Found Path: "C:\Program Files\MySQL\MySQL Server 8.0\bin\mysqld.exe" --defaults-file="C:\ProgramData\MySQL\MySQL Server 8.0\my.ini" MySQL
오전 3:27:58  [mysql] 	Expected Path: c:\xampp\mysql\bin\mysqld.exe --defaults-file=c:\xampp\mysql\bin\my.ini mysql
오전 3:27:58  [mysql] 	Problem detected!
오전 3:27:58  [mysql] 	Port 3306 in use by "Unable to open process"!
오전 3:27:58  [mysql] 	MySQL WILL NOT start without the configured ports free!
오전 3:27:58  [mysql] 	You need to uninstall/disable/reconfigure the blocking application
오전 3:27:58  [mysql] 	or reconfigure MySQL and the Control Panel to listen on a different port
오전 3:27:58  [main] 	The FileZilla module is disabled
오전 3:27:58  [main] 	The Mercury module is disabled
오전 3:27:58  [main] 	The Tomcat module is disabled
오전 3:27:58  [main] 	Starting Check-Timer
오전 3:27:58  [main] 	Control Panel Ready
오전 5:18:33  [main] 	Deinitializing Modules
오전 5:18:33  [main] 	Deinitializing Control Panel

오전 3:00:50  [main] 	Initializing Control Panel
오전 3:00:50  [main] 	Windows Version:  Home  64-bit
오전 3:00:50  [main] 	XAMPP Version: 8.2.4
오전 3:00:50  [main] 	Control Panel Version: 3.3.0  [ Compiled: Apr 6th 2021 ]
오전 3:00:50  [main] 	Running with Administrator rights - good!
오전 3:00:50  [main] 	XAMPP Installation Directory: "c:\xampp\"
오전 3:00:50  [main] 	Checking for prerequisites
오전 3:00:51  [main] 	All prerequisites found
오전 3:00:51  [main] 	Initializing Modules
오전 3:00:51  [Apache] 	XAMPP Apache Service is already running on port 80
오전 3:00:51  [Apache] 	XAMPP Apache Service is already running on port 443
오전 3:00:51  [mysql] 	MySQL Service detected with wrong path
오전 3:00:51  [mysql] 	Change XAMPP MySQL and Control Panel settings or
오전 3:00:51  [mysql] 	Uninstall/disable the other service manually first
오전 3:00:51  [mysql] 	Found Path: "C:\Program Files\MySQL\MySQL Server 8.0\bin\mysqld.exe" --defaults-file="C:\ProgramData\MySQL\MySQL Server 8.0\my.ini" MySQL
오전 3:00:51  [mysql] 	Expected Path: c:\xampp\mysql\bin\mysqld.exe --defaults-file=c:\xampp\mysql\bin\my.ini mysql
오전 3:00:51  [mysql] 	Problem detected!
오전 3:00:51  [mysql] 	Port 3306 in use by "Unable to open process"!
오전 3:00:51  [mysql] 	MySQL WILL NOT start without the configured ports free!
오전 3:00:51  [mysql] 	You need to uninstall/disable/reconfigure the blocking application
오전 3:00:51  [mysql] 	or reconfigure MySQL and the Control Panel to listen on a different port
오전 3:00:51  [main] 	The FileZilla module is disabled
오전 3:00:51  [main] 	The Mercury module is disabled
오전 3:00:51  [main] 	The Tomcat module is disabled
오전 3:00:51  [main] 	Starting Check-Timer
오전 3:00:51  [main] 	Control Panel Ready
오전 5:18:38  [main] 	Deinitializing Modules
오전 5:18:38  [main] 	Deinitializing Control Panel

